-------------------------------------------------------------------------------
Test set: com.dxc.demoapp1.DemoApp1ApplicationTests
-------------------------------------------------------------------------------
Tests run: 1, Failures: 0, Errors: 1, Skipped: 0, Time elapsed: 0.28 s <<< FAILURE! - in com.dxc.demoapp1.DemoApp1ApplicationTests
com.dxc.demoapp1.DemoApp1ApplicationTests  Time elapsed: 0.28 s  <<< ERROR!
java.lang.IllegalStateException: Unable to find a @SpringBootConfiguration, you need to use @ContextConfiguration or @SpringBootTest(classes=...) with your test

